<?xml version="1.0" encoding="UTF-8"?>
<testng-results ignored="0" total="1" passed="1" failed="0" skipped="0">
  <reporter-output>
  </reporter-output>
  <suite started-at="2022-08-17T13:52:00 IST" name="Default suite" finished-at="2022-08-17T13:52:14 IST" duration-ms="13888">
    <groups>
    </groups>
    <test started-at="2022-08-17T13:52:00 IST" name="Default test" finished-at="2022-08-17T13:52:14 IST" duration-ms="13888">
      <class name="test_data.amazon_task">
        <test-method signature="m1()[pri:0, instance:test_data.amazon_task@3835c46]" started-at="2022-08-17T13:52:00 IST" name="m1" finished-at="2022-08-17T13:52:14 IST" duration-ms="13840" status="PASS">
          <reporter-output>
          </reporter-output>
        </test-method> <!-- m1 -->
      </class> <!-- test_data.amazon_task -->
    </test> <!-- Default test -->
  </suite> <!-- Default suite -->
</testng-results>
